Wed May 20 2020 14:22:36 GMT+0700 (Indochina Time)
 === File not found === 
 {"status":404}
 === End File not found ===

Wed May 20 2020 14:26:35 GMT+0700 (Indochina Time)
 === MongoError: E11000 duplicate key error collection: emp_pocket.users index: userName_1 dup key: { userName: "natasha.romanov" } === 
 {"status":500}
 === End MongoError: E11000 duplicate key error collection: emp_pocket.users index: userName_1 dup key: { userName: "natasha.romanov" } ===

Wed May 20 2020 14:40:58 GMT+0700 (Indochina Time)
 === MongoError: E11000 duplicate key error collection: emp_pocket.users index: userName_1 dup key: { userName: "natasha.romanov" } === 
 {"status":500}
 === End MongoError: E11000 duplicate key error collection: emp_pocket.users index: userName_1 dup key: { userName: "natasha.romanov" } ===

Wed May 20 2020 14:41:09 GMT+0700 (Indochina Time)
 === MongoError: E11000 duplicate key error collection: emp_pocket.users index: userName_1 dup key: { userName: "natasha.romanov" } === 
 {"status":500}
 === End MongoError: E11000 duplicate key error collection: emp_pocket.users index: userName_1 dup key: { userName: "natasha.romanov" } ===

Wed May 20 2020 15:31:02 GMT+0700 (Indochina Time)
 === Not found === 
 {"status":404}
 === End Not found ===

Wed May 20 2020 15:31:02 GMT+0700 (Indochina Time)
 === Not found === 
 {"status":404}
 === End Not found ===

Wed May 20 2020 15:31:24 GMT+0700 (Indochina Time)
 === Not found === 
 {"status":404}
 === End Not found ===

Wed May 20 2020 15:34:02 GMT+0700 (Indochina Time)
 === Not found === 
 {"status":404}
 === End Not found ===

Wed May 20 2020 15:34:02 GMT+0700 (Indochina Time)
 === Not found === 
 {"status":404}
 === End Not found ===

Wed May 20 2020 15:38:45 GMT+0700 (Indochina Time)
 === Not found === 
 {"status":404}
 === End Not found ===

Wed May 20 2020 15:38:45 GMT+0700 (Indochina Time)
 === Not found === 
 {"status":404}
 === End Not found ===

Wed May 20 2020 15:41:51 GMT+0700 (Indochina Time)
 === Not found === 
 {"status":404}
 === End Not found ===

Wed May 20 2020 15:43:27 GMT+0700 (Indochina Time)
 === Not found === 
 {"status":404}
 === End Not found ===

Wed May 20 2020 15:43:42 GMT+0700 (Indochina Time)
 === Not found === 
 {"status":404}
 === End Not found ===

Wed May 20 2020 15:45:26 GMT+0700 (Indochina Time)
 === Not found === 
 {"status":404}
 === End Not found ===

Wed May 20 2020 22:22:29 GMT+0700 (Indochina Time)
 === Not found === 
 {"status":404}
 === End Not found ===

Wed May 20 2020 22:22:33 GMT+0700 (Indochina Time)
 === Not found === 
 {"status":404}
 === End Not found ===

Wed May 20 2020 22:22:38 GMT+0700 (Indochina Time)
 === Not found === 
 {"status":404}
 === End Not found ===

Wed May 27 2020 19:48:05 GMT+0700 (Indochina Time)
 === Not found === 
 {"status":404}
 === End Not found ===

Wed May 27 2020 19:48:18 GMT+0700 (Indochina Time)
 === Not found === 
 {"status":404}
 === End Not found ===

Wed May 27 2020 19:49:01 GMT+0700 (Indochina Time)
 === TypeError: Cannot read property 'children' of undefined === 
 {"status":500}
 === End TypeError: Cannot read property 'children' of undefined ===

Wed May 27 2020 19:49:53 GMT+0700 (Indochina Time)
 === TypeError: Cannot read property 'children' of undefined === 
 {"status":500}
 === End TypeError: Cannot read property 'children' of undefined ===

Wed May 27 2020 19:50:30 GMT+0700 (Indochina Time)
 === TypeError: Cannot read property 'children' of undefined === 
 {"status":500}
 === End TypeError: Cannot read property 'children' of undefined ===

Wed May 27 2020 19:53:32 GMT+0700 (Indochina Time)
 === TypeError: Cannot read property 'children' of undefined === 
 {"status":500}
 === End TypeError: Cannot read property 'children' of undefined ===

Wed May 27 2020 19:54:14 GMT+0700 (Indochina Time)
 === TypeError: Cannot read property 'children' of undefined === 
 {"status":500}
 === End TypeError: Cannot read property 'children' of undefined ===

Wed May 27 2020 19:54:22 GMT+0700 (Indochina Time)
 === TypeError: Cannot read property 'push' of undefined === 
 {"status":500}
 === End TypeError: Cannot read property 'push' of undefined ===

Wed May 27 2020 19:55:45 GMT+0700 (Indochina Time)
 === TypeError: Cannot read property 'children' of undefined === 
 {"status":500}
 === End TypeError: Cannot read property 'children' of undefined ===

Wed May 27 2020 20:13:47 GMT+0700 (Indochina Time)
 === TypeError: Cannot read property 'children' of null === 
 {"status":500}
 === End TypeError: Cannot read property 'children' of null ===

Wed May 27 2020 20:16:35 GMT+0700 (Indochina Time)
 === Not found === 
 {"status":404}
 === End Not found ===

Wed May 27 2020 20:17:16 GMT+0700 (Indochina Time)
 === Not found === 
 {"status":404}
 === End Not found ===

Sun May 31 2020 23:32:43 GMT+0700 (Indochina Time)
 === Invalid token === 
 {"status":403}
 === End Invalid token ===

Sun May 31 2020 23:37:13 GMT+0700 (Indochina Time)
 === Invalid token === 
 {"status":403}
 === End Invalid token ===

Sun May 31 2020 23:37:23 GMT+0700 (Indochina Time)
 === Invalid token === 
 {"status":403}
 === End Invalid token ===

Sun May 31 2020 23:38:25 GMT+0700 (Indochina Time)
 === Invalid token === 
 {"status":403}
 === End Invalid token ===

Sun May 31 2020 23:39:05 GMT+0700 (Indochina Time)
 === Invalid token === 
 {"status":403}
 === End Invalid token ===

