Mon Jun 01 2020 00:20:32 GMT+0700 (Indochina Time)
 === StrictModeError: Path "userName" is not in schema, strict mode is `true`, and upsert is `true`. === 
 {"status":500}
 === End StrictModeError: Path "userName" is not in schema, strict mode is `true`, and upsert is `true`. ===

Mon Jun 01 2020 16:55:22 GMT+0700 (Indochina Time)
 === Not found === 
 {"status":404}
 === End Not found ===

Mon Jun 01 2020 16:55:22 GMT+0700 (Indochina Time)
 === Not found === 
 {"status":404}
 === End Not found ===

Mon Jun 01 2020 16:55:30 GMT+0700 (Indochina Time)
 === Not found === 
 {"status":404}
 === End Not found ===

Mon Jun 01 2020 16:55:39 GMT+0700 (Indochina Time)
 === Not found === 
 {"status":404}
 === End Not found ===

Mon Jun 01 2020 16:55:51 GMT+0700 (Indochina Time)
 === Not found === 
 {"status":404}
 === End Not found ===

Mon Jun 01 2020 16:56:00 GMT+0700 (Indochina Time)
 === Not found === 
 {"status":404}
 === End Not found ===

Mon Jun 01 2020 16:58:07 GMT+0700 (Indochina Time)
 === Not found === 
 {"status":404}
 === End Not found ===

Mon Jun 01 2020 17:01:19 GMT+0700 (Indochina Time)
 === Not found === 
 {"status":404}
 === End Not found ===

Mon Jun 01 2020 17:02:30 GMT+0700 (Indochina Time)
 === Not found === 
 {"status":404}
 === End Not found ===

Mon Jun 01 2020 17:02:31 GMT+0700 (Indochina Time)
 === Not found === 
 {"status":404}
 === End Not found ===

Mon Jun 01 2020 17:03:17 GMT+0700 (Indochina Time)
 === Not found === 
 {"status":404}
 === End Not found ===

Mon Jun 01 2020 17:03:19 GMT+0700 (Indochina Time)
 === Not found === 
 {"status":404}
 === End Not found ===

Mon Jun 01 2020 17:03:55 GMT+0700 (Indochina Time)
 === Not found === 
 {"status":404}
 === End Not found ===

Mon Jun 01 2020 17:32:15 GMT+0700 (Indochina Time)
 === Not found === 
 {"status":404}
 === End Not found ===

Mon Jun 01 2020 17:33:19 GMT+0700 (Indochina Time)
 === Not found === 
 {"status":404}
 === End Not found ===

Mon Jun 01 2020 17:41:33 GMT+0700 (Indochina Time)
 === Not found === 
 {"status":404}
 === End Not found ===

Mon Jun 01 2020 18:16:32 GMT+0700 (Indochina Time)
 === Not found === 
 {"status":404}
 === End Not found ===

Mon Jun 01 2020 18:19:44 GMT+0700 (Indochina Time)
 === Not found === 
 {"status":404}
 === End Not found ===

Mon Jun 01 2020 18:23:42 GMT+0700 (Indochina Time)
 === Not found === 
 {"status":404}
 === End Not found ===

Mon Jun 01 2020 18:25:17 GMT+0700 (Indochina Time)
 === Not found === 
 {"status":404}
 === End Not found ===

Mon Jun 01 2020 18:26:16 GMT+0700 (Indochina Time)
 === Not found === 
 {"status":404}
 === End Not found ===

Mon Jun 01 2020 18:29:02 GMT+0700 (Indochina Time)
 === Not found === 
 {"status":404}
 === End Not found ===

Mon Jun 01 2020 18:29:29 GMT+0700 (Indochina Time)
 === Not found === 
 {"status":404}
 === End Not found ===

Mon Jun 01 2020 23:41:03 GMT+0700 (Indochina Time)
 === No file === 
 {"status":400}
 === End No file ===

Mon Jun 01 2020 23:41:06 GMT+0700 (Indochina Time)
 === No file === 
 {"status":400}
 === End No file ===

Mon Jun 01 2020 23:45:09 GMT+0700 (Indochina Time)
 === No file === 
 {"status":400}
 === End No file ===

Mon Jun 01 2020 23:45:10 GMT+0700 (Indochina Time)
 === No file === 
 {"status":400}
 === End No file ===

Mon Jun 01 2020 23:46:41 GMT+0700 (Indochina Time)
 === No file === 
 {"status":400}
 === End No file ===

Mon Jun 01 2020 23:46:42 GMT+0700 (Indochina Time)
 === No file === 
 {"status":400}
 === End No file ===

Mon Jun 01 2020 23:49:44 GMT+0700 (Indochina Time)
 === No file === 
 {"status":400}
 === End No file ===

Mon Jun 01 2020 23:49:45 GMT+0700 (Indochina Time)
 === No file === 
 {"status":400}
 === End No file ===

Mon Jun 01 2020 23:51:18 GMT+0700 (Indochina Time)
 === No file === 
 {"status":400}
 === End No file ===

Mon Jun 01 2020 23:52:37 GMT+0700 (Indochina Time)
 === No file === 
 {"status":400}
 === End No file ===

Mon Jun 01 2020 23:53:18 GMT+0700 (Indochina Time)
 === No file === 
 {"status":400}
 === End No file ===

Mon Jun 01 2020 23:54:15 GMT+0700 (Indochina Time)
 === [object Object] === 
 {"status":400}
 === End [object Object] ===

Mon Jun 01 2020 23:59:02 GMT+0700 (Indochina Time)
 === No file === 
 {"status":400}
 === End No file ===

Tue Jun 02 2020 00:01:56 GMT+0700 (Indochina Time)
 === No file === 
 {"status":400}
 === End No file ===

Tue Jun 02 2020 00:03:43 GMT+0700 (Indochina Time)
 === No file === 
 {"status":400}
 === End No file ===

Tue Jun 02 2020 00:07:27 GMT+0700 (Indochina Time)
 === No file === 
 {"status":400}
 === End No file ===

Tue Jun 02 2020 00:14:02 GMT+0700 (Indochina Time)
 === No file === 
 {"status":400}
 === End No file ===

Tue Jun 02 2020 00:15:05 GMT+0700 (Indochina Time)
 === No file === 
 {"status":400}
 === End No file ===

Tue Jun 02 2020 00:16:42 GMT+0700 (Indochina Time)
 === No file === 
 {"status":400}
 === End No file ===

Tue Jun 02 2020 00:22:15 GMT+0700 (Indochina Time)
 === No file === 
 {"status":400}
 === End No file ===

Tue Jun 02 2020 15:10:51 GMT+0700 (Indochina Time)
 === Not found === 
 {"status":404}
 === End Not found ===

Tue Jun 02 2020 15:11:44 GMT+0700 (Indochina Time)
 === Not found === 
 {"status":404}
 === End Not found ===

Tue Jun 02 2020 15:11:44 GMT+0700 (Indochina Time)
 === Not found === 
 {"status":404}
 === End Not found ===

Tue Jun 02 2020 15:11:59 GMT+0700 (Indochina Time)
 === Not found === 
 {"status":404}
 === End Not found ===

Tue Jun 02 2020 19:05:23 GMT+0700 (Indochina Time)
 === Not found === 
 {"status":404}
 === End Not found ===

Tue Jun 02 2020 20:07:20 GMT+0700 (Indochina Time)
 === Unknown username or password. === 
 {"status":403}
 === End Unknown username or password. ===

Tue Jun 02 2020 20:07:20 GMT+0700 (Indochina Time)
 === TypeError: Cannot read property 'password' of null === 
 {"status":500}
 === End TypeError: Cannot read property 'password' of null ===

Tue Jun 02 2020 20:08:10 GMT+0700 (Indochina Time)
 === Unknown username or password. === 
 {"status":403}
 === End Unknown username or password. ===

Tue Jun 02 2020 20:12:43 GMT+0700 (Indochina Time)
 === Unknown username or password. === 
 {"status":403}
 === End Unknown username or password. ===

Tue Jun 02 2020 20:13:33 GMT+0700 (Indochina Time)
 === Unknown username or password. === 
 {"status":403}
 === End Unknown username or password. ===

Tue Jun 02 2020 20:13:33 GMT+0700 (Indochina Time)
 === TypeError: Cannot read property 'password' of null === 
 {"status":500}
 === End TypeError: Cannot read property 'password' of null ===

